[debug] [2021-10-29T22:35:39.145Z] ----------------------------------------------------------------------
[debug] [2021-10-29T22:35:39.147Z] Command:       /Users/kalibhackin/.nvm/versions/node/v14.17.4/bin/node /Users/kalibhackin/.nvm/versions/node/v14.17.4/bin/firebase emulators:start
[debug] [2021-10-29T22:35:39.148Z] CLI Version:   9.20.0
[debug] [2021-10-29T22:35:39.148Z] Platform:      darwin
[debug] [2021-10-29T22:35:39.148Z] Node Version:  v14.17.4
[debug] [2021-10-29T22:35:39.149Z] Time:          Fri Oct 29 2021 17:35:39 GMT-0500 (Eastern Standard Time)
[debug] [2021-10-29T22:35:39.149Z] ----------------------------------------------------------------------
[debug] 
[debug] [2021-10-29T22:35:39.203Z] > command requires scopes: ["email","openid","https://www.googleapis.com/auth/cloudplatformprojects.readonly","https://www.googleapis.com/auth/firebase","https://www.googleapis.com/auth/cloud-platform"]
[debug] [2021-10-29T22:35:39.203Z] > authorizing via signed-in user (naguihw@gmail.com)
[info] i  emulators: Starting emulators: auth, functions, firestore, hosting, pubsub, storage {"metadata":{"emulator":{"name":"hub"},"message":"Starting emulators: auth, functions, firestore, hosting, pubsub, storage"}}
[debug] [2021-10-29T22:35:39.224Z] [hub] writing locator at /var/folders/nk/l93_2bl16vn2v0jx04y7n6640000gn/T/hub-job-seeker-3fe44.json
[warn] ⚠  functions: The following emulators are not running, calls to these services from the Functions emulator will affect production: database {"metadata":{"emulator":{"name":"functions"},"message":"The following emulators are not running, calls to these services from the Functions emulator will affect production: \u001b[1mdatabase\u001b[22m"}}
[info] ✔  functions: Using node@14 from host. {"metadata":{"emulator":{"name":"functions"},"message":"Using node@14 from host."}}
[debug] [2021-10-29T22:35:39.262Z] defaultcredentials: writing to file /Users/kalibhackin/.config/firebase/naguihw_gmail_com_application_default_credentials.json
[debug] [2021-10-29T22:35:39.266Z] Setting GAC to /Users/kalibhackin/.config/firebase/naguihw_gmail_com_application_default_credentials.json {"metadata":{"emulator":{"name":"functions"},"message":"Setting GAC to /Users/kalibhackin/.config/firebase/naguihw_gmail_com_application_default_credentials.json"}}
[debug] [2021-10-29T22:35:39.268Z] > refreshing access token with scopes: []
[debug] [2021-10-29T22:35:39.268Z] >>> HTTP REQUEST POST https://www.googleapis.com/oauth2/v3/token  
 <request body omitted>
[debug] [2021-10-29T22:35:39.539Z] <<< HTTP RESPONSE 200 {"cache-control":"no-cache, no-store, max-age=0, must-revalidate","pragma":"no-cache","expires":"Mon, 01 Jan 1990 00:00:00 GMT","date":"Fri, 29 Oct 2021 22:35:39 GMT","content-type":"application/json; charset=utf-8","vary":"X-Origin, Referer, Origin,Accept-Encoding","server":"scaffolding on HTTPServer2","x-xss-protection":"0","x-frame-options":"SAMEORIGIN","x-content-type-options":"nosniff","alt-svc":"h3=\":443\"; ma=2592000,h3-29=\":443\"; ma=2592000,h3-Q050=\":443\"; ma=2592000,h3-Q046=\":443\"; ma=2592000,h3-Q043=\":443\"; ma=2592000,quic=\":443\"; ma=2592000; v=\"46,43\"","accept-ranges":"none","transfer-encoding":"chunked"}
[debug] [2021-10-29T22:35:39.585Z] >>> [apiv2][query] GET https://firebase.googleapis.com/v1beta1/projects/job-seeker-3fe44/adminSdkConfig [none]
[debug] [2021-10-29T22:35:40.239Z] <<< [apiv2][status] GET https://firebase.googleapis.com/v1beta1/projects/job-seeker-3fe44/adminSdkConfig 200
[debug] [2021-10-29T22:35:40.240Z] <<< [apiv2][body] GET https://firebase.googleapis.com/v1beta1/projects/job-seeker-3fe44/adminSdkConfig {"projectId":"job-seeker-3fe44","storageBucket":"job-seeker-3fe44.appspot.com","locationId":"us-central"}
[debug] [2021-10-29T22:35:40.510Z] Ignoring unsupported arg: projectId {"metadata":{"emulator":{"name":"firestore"},"message":"Ignoring unsupported arg: projectId"}}
[debug] [2021-10-29T22:35:40.510Z] Ignoring unsupported arg: auto_download {"metadata":{"emulator":{"name":"firestore"},"message":"Ignoring unsupported arg: auto_download"}}
[debug] [2021-10-29T22:35:40.510Z] Starting Firestore Emulator with command {"binary":"java","args":["-Dgoogle.cloud_firestore.debug_log_level=FINE","-Duser.language=en","-jar","/Users/kalibhackin/.cache/firebase/emulators/cloud-firestore-emulator-v1.13.1.jar","--host","localhost","--port",8080,"--rules","/Users/kalibhackin/Desktop/myProjects/fullstack/job-seeker/firestore.rules","--functions_emulator","localhost:5001"],"optionalArgs":["port","webchannel_port","host","rules","functions_emulator","seed_from_export"],"joinArgs":false} {"metadata":{"emulator":{"name":"firestore"},"message":"Starting Firestore Emulator with command {\"binary\":\"java\",\"args\":[\"-Dgoogle.cloud_firestore.debug_log_level=FINE\",\"-Duser.language=en\",\"-jar\",\"/Users/kalibhackin/.cache/firebase/emulators/cloud-firestore-emulator-v1.13.1.jar\",\"--host\",\"localhost\",\"--port\",8080,\"--rules\",\"/Users/kalibhackin/Desktop/myProjects/fullstack/job-seeker/firestore.rules\",\"--functions_emulator\",\"localhost:5001\"],\"optionalArgs\":[\"port\",\"webchannel_port\",\"host\",\"rules\",\"functions_emulator\",\"seed_from_export\"],\"joinArgs\":false}"}}
[info] i  firestore: Firestore Emulator logging to firestore-debug.log {"metadata":{"emulator":{"name":"firestore"},"message":"Firestore Emulator logging to \u001b[1mfirestore-debug.log\u001b[22m"}}
[debug] [2021-10-29T22:35:47.266Z] Oct 29, 2021 5:35:47 PM com.google.cloud.datastore.emulator.firestore.websocket.WebSocketServer start
INFO: Started WebSocket server on ws://localhost:62452
 {"metadata":{"emulator":{"name":"firestore"},"message":"Oct 29, 2021 5:35:47 PM com.google.cloud.datastore.emulator.firestore.websocket.WebSocketServer start\nINFO: Started WebSocket server on ws://localhost:62452\n"}}
[debug] [2021-10-29T22:35:47.297Z] API endpoint: http://localhost {"metadata":{"emulator":{"name":"firestore"},"message":"API endpoint: http://localhost"}}
[debug] [2021-10-29T22:35:47.298Z] :8080
If you are using a library that supports the FIRESTORE_EMULATOR_HOST environment variable, run:

   export FIRESTORE_EMULATOR_HOST=localhost:8080

Dev App Server is now running.

 {"metadata":{"emulator":{"name":"firestore"},"message":":8080\nIf you are using a library that supports the FIRESTORE_EMULATOR_HOST environment variable, run:\n\n   export FIRESTORE_EMULATOR_HOST=localhost:8080\n\nDev App Server is now running.\n\n"}}
[debug] [2021-10-29T22:35:50.366Z] Ignoring unsupported arg: projectId {"metadata":{"emulator":{"name":"pubsub"},"message":"Ignoring unsupported arg: projectId"}}
[debug] [2021-10-29T22:35:50.366Z] Ignoring unsupported arg: auto_download {"metadata":{"emulator":{"name":"pubsub"},"message":"Ignoring unsupported arg: auto_download"}}
[debug] [2021-10-29T22:35:50.366Z] Starting Pub/Sub Emulator with command {"binary":"/Users/kalibhackin/.cache/firebase/emulators/pubsub-emulator-0.1.0/pubsub-emulator/bin/cloud-pubsub-emulator","args":["--host=localhost","--port=8085"],"optionalArgs":["port","host"],"joinArgs":true} {"metadata":{"emulator":{"name":"pubsub"},"message":"Starting Pub/Sub Emulator with command {\"binary\":\"/Users/kalibhackin/.cache/firebase/emulators/pubsub-emulator-0.1.0/pubsub-emulator/bin/cloud-pubsub-emulator\",\"args\":[\"--host=localhost\",\"--port=8085\"],\"optionalArgs\":[\"port\",\"host\"],\"joinArgs\":true}"}}
[info] i  pubsub: Pub/Sub Emulator logging to pubsub-debug.log {"metadata":{"emulator":{"name":"pubsub"},"message":"Pub/Sub Emulator logging to \u001b[1mpubsub-debug.log\u001b[22m"}}
[debug] [2021-10-29T22:35:50.540Z] This is the Google Pub/Sub fake.
 {"metadata":{"emulator":{"name":"pubsub"},"message":"This is the Google Pub/Sub fake.\n"}}
[debug] [2021-10-29T22:35:50.541Z] Implementation may be incomplete or differ from the real system.
 {"metadata":{"emulator":{"name":"pubsub"},"message":"Implementation may be incomplete or differ from the real system.\n"}}
[debug] [2021-10-29T22:35:50.589Z] oct. 29, 2021 5:35:50 P. M. com.google.cloud.pubsub.testing.v1.Main main
INFO: IAM integration is disabled. IAM policy methods and ACL checks are not supported
 {"metadata":{"emulator":{"name":"pubsub"},"message":"oct. 29, 2021 5:35:50 P. M. com.google.cloud.pubsub.testing.v1.Main main\nINFO: IAM integration is disabled. IAM policy methods and ACL checks are not supported\n"}}
[debug] [2021-10-29T22:35:51.193Z] oct. 29, 2021 5:35:51 P. M. io.gapi.emulators.netty.NettyUtil applyJava7LongHostnameWorkaround
INFO: Unable to apply Java 7 long hostname workaround.
 {"metadata":{"emulator":{"name":"pubsub"},"message":"oct. 29, 2021 5:35:51 P. M. io.gapi.emulators.netty.NettyUtil applyJava7LongHostnameWorkaround\nINFO: Unable to apply Java 7 long hostname workaround.\n"}}
[debug] [2021-10-29T22:35:56.300Z] oct. 29, 2021 5:35:56 P. M. com.google.cloud.pubsub.testing.v1.Main main
INFO: Server started, listening on 8085
 {"metadata":{"emulator":{"name":"pubsub"},"message":"oct. 29, 2021 5:35:56 P. M. com.google.cloud.pubsub.testing.v1.Main main\nINFO: Server started, listening on 8085\n"}}
[debug] [2021-10-29T22:35:56.466Z] Ignoring unsupported arg: port {"metadata":{"emulator":{"name":"storage"},"message":"Ignoring unsupported arg: port"}}
[debug] [2021-10-29T22:35:56.580Z] oct. 29, 2021 5:35:56 P. M. io.gapi.emulators.grpc.GrpcServer$3 operationComplete
INFO: Adding handler(s) to newly registered Channel.
 {"metadata":{"emulator":{"name":"pubsub"},"message":"oct. 29, 2021 5:35:56 P. M. io.gapi.emulators.grpc.GrpcServer$3 operationComplete\nINFO: Adding handler(s) to newly registered Channel.\n"}}
[debug] [2021-10-29T22:35:56.691Z] Temp file directory for storage emulator: /var/folders/nk/l93_2bl16vn2v0jx04y7n6640000gn/T/firebase/storage/blobs {"metadata":{"emulator":{"name":"storage"},"message":"Temp file directory for storage emulator: /var/folders/nk/l93_2bl16vn2v0jx04y7n6640000gn/T/firebase/storage/blobs"}}
[debug] [2021-10-29T22:35:57.528Z] >>> [apiv2][query] GET https://firebasehosting.googleapis.com/v1beta1/projects/job-seeker-3fe44/sites 
[debug] [2021-10-29T22:35:58.035Z] <<< [apiv2][status] GET https://firebasehosting.googleapis.com/v1beta1/projects/job-seeker-3fe44/sites 200
[debug] [2021-10-29T22:35:58.035Z] <<< [apiv2][body] GET https://firebasehosting.googleapis.com/v1beta1/projects/job-seeker-3fe44/sites {"sites":[{"name":"projects/598263090183/sites/job-seeker-3fe44","defaultUrl":"https://job-seeker-3fe44.web.app","appId":"1:598263090183:web:8635d320a9c17ce7bdeea2","type":"DEFAULT_SITE"}]}
[debug] [2021-10-29T22:35:58.036Z] >>> [apiv2][query] GET https://firebase.googleapis.com/v1beta1/projects/job-seeker-3fe44/webApps/1:598263090183:web:8635d320a9c17ce7bdeea2/config [none]
[debug] [2021-10-29T22:35:58.630Z] <<< [apiv2][status] GET https://firebase.googleapis.com/v1beta1/projects/job-seeker-3fe44/webApps/1:598263090183:web:8635d320a9c17ce7bdeea2/config 200
[debug] [2021-10-29T22:35:58.630Z] <<< [apiv2][body] GET https://firebase.googleapis.com/v1beta1/projects/job-seeker-3fe44/webApps/1:598263090183:web:8635d320a9c17ce7bdeea2/config {"projectId":"job-seeker-3fe44","appId":"1:598263090183:web:8635d320a9c17ce7bdeea2","storageBucket":"job-seeker-3fe44.appspot.com","locationId":"us-central","apiKey":"AIzaSyDsJgeJUoN_XX__EsqoYS8psYZ7FvZVR3s","authDomain":"job-seeker-3fe44.firebaseapp.com","messagingSenderId":"598263090183","measurementId":"G-WQ7B5V0RRZ"}
[info] i  hosting: Serving hosting files from: build {"metadata":{"emulator":{"name":"hosting"},"message":"Serving hosting files from: \u001b[1mbuild\u001b[22m"}}
[info] ✔  hosting: Local server: http://localhost:5000 {"metadata":{"emulator":{"name":"hosting"},"message":"Local server: \u001b[4m\u001b[1mhttp://localhost:5000\u001b[22m\u001b[24m"}}
[debug] [2021-10-29T22:35:58.931Z] Ignoring unsupported arg: auto_download {"metadata":{"emulator":{"name":"ui"},"message":"Ignoring unsupported arg: auto_download"}}
[debug] [2021-10-29T22:35:58.931Z] Ignoring unsupported arg: port {"metadata":{"emulator":{"name":"ui"},"message":"Ignoring unsupported arg: port"}}
[debug] [2021-10-29T22:35:58.932Z] Starting Emulator UI with command {"binary":"node","args":["/Users/kalibhackin/.cache/firebase/emulators/ui-v1.6.3/server.bundle.js"],"optionalArgs":[],"joinArgs":false} {"metadata":{"emulator":{"name":"ui"},"message":"Starting Emulator UI with command {\"binary\":\"node\",\"args\":[\"/Users/kalibhackin/.cache/firebase/emulators/ui-v1.6.3/server.bundle.js\"],\"optionalArgs\":[],\"joinArgs\":false}"}}
[info] i  ui: Emulator UI logging to ui-debug.log {"metadata":{"emulator":{"name":"ui"},"message":"Emulator UI logging to \u001b[1mui-debug.log\u001b[22m"}}
[debug] [2021-10-29T22:35:59.036Z] Web / API server started at localhost:4000
 {"metadata":{"emulator":{"name":"ui"},"message":"Web / API server started at localhost:4000\n"}}
[info] i  functions: Watching "/Users/kalibhackin/Desktop/myProjects/fullstack/job-seeker/functions" for Cloud Functions... {"metadata":{"emulator":{"name":"functions"},"message":"Watching \"/Users/kalibhackin/Desktop/myProjects/fullstack/job-seeker/functions\" for Cloud Functions..."}}
[debug] [2021-10-29T22:35:59.201Z] [worker-pool] addWorker(~diagnostic~) {"metadata":{"emulator":{"name":"functions"},"message":"[worker-pool] addWorker(~diagnostic~)"}}
[debug] [2021-10-29T22:35:59.201Z] [worker-pool] Adding worker with key ~diagnostic~, total=1 {"metadata":{"emulator":{"name":"functions"},"message":"[worker-pool] Adding worker with key ~diagnostic~, total=1"}}
[debug] [2021-10-29T22:35:59.201Z] [worker-pool] submitWork(triggerId=) {"metadata":{"emulator":{"name":"functions"},"message":"[worker-pool] submitWork(triggerId=)"}}
[debug] [2021-10-29T22:35:59.202Z] [worker-~diagnostic~-22b6c2d3-4a29-46ee-b279-036c1a9442e3]: Assigning socketPath: /var/folders/nk/l93_2bl16vn2v0jx04y7n6640000gn/T/fire_emu_29074.sock {"metadata":{"emulator":{"name":"functions"},"message":"[worker-~diagnostic~-22b6c2d3-4a29-46ee-b279-036c1a9442e3]: Assigning socketPath: /var/folders/nk/l93_2bl16vn2v0jx04y7n6640000gn/T/fire_emu_29074.sock"}}
[debug] [2021-10-29T22:35:59.202Z] [worker-~diagnostic~-22b6c2d3-4a29-46ee-b279-036c1a9442e3]: BUSY {"metadata":{"emulator":{"name":"functions"},"message":"[worker-~diagnostic~-22b6c2d3-4a29-46ee-b279-036c1a9442e3]: BUSY"}}
[debug] [2021-10-29T22:35:59.335Z] [runtime-status] [29074] Functions runtime initialized. {"cwd":"/Users/kalibhackin/Desktop/myProjects/fullstack/job-seeker/functions","node_version":"14.17.4"} {"metadata":{"emulator":{"name":"functions"},"message":"[runtime-status] [29074] Functions runtime initialized. {\"cwd\":\"/Users/kalibhackin/Desktop/myProjects/fullstack/job-seeker/functions\",\"node_version\":\"14.17.4\"}"}}
[debug] [2021-10-29T22:35:59.335Z] [runtime-status] [29074] Disabled runtime features: undefined {"metadata":{"emulator":{"name":"functions"},"message":"[runtime-status] [29074] Disabled runtime features: undefined"}}
[debug] [2021-10-29T22:35:59.339Z] [runtime-status] [29074] Resolved module firebase-admin {"declared":true,"installed":true,"version":"9.12.0","resolution":"/Users/kalibhackin/Desktop/myProjects/fullstack/job-seeker/functions/node_modules/firebase-admin/lib/index.js"} {"metadata":{"emulator":{"name":"functions"},"message":"[runtime-status] [29074] Resolved module firebase-admin {\"declared\":true,\"installed\":true,\"version\":\"9.12.0\",\"resolution\":\"/Users/kalibhackin/Desktop/myProjects/fullstack/job-seeker/functions/node_modules/firebase-admin/lib/index.js\"}"}}
[debug] [2021-10-29T22:35:59.343Z] [runtime-status] [29074] Resolved module firebase-functions {"declared":true,"installed":true,"version":"3.16.0","resolution":"/Users/kalibhackin/Desktop/myProjects/fullstack/job-seeker/functions/node_modules/firebase-functions/lib/index.js"} {"metadata":{"emulator":{"name":"functions"},"message":"[runtime-status] [29074] Resolved module firebase-functions {\"declared\":true,\"installed\":true,\"version\":\"3.16.0\",\"resolution\":\"/Users/kalibhackin/Desktop/myProjects/fullstack/job-seeker/functions/node_modules/firebase-functions/lib/index.js\"}"}}
[debug] [2021-10-29T22:35:59.345Z] [runtime-status] [29074] Outgoing network have been stubbed. [{"name":"http","status":"mocked"},{"name":"http","status":"mocked"},{"name":"https","status":"mocked"},{"name":"https","status":"mocked"},{"name":"net","status":"mocked"}] {"metadata":{"emulator":{"name":"functions"},"message":"[runtime-status] [29074] Outgoing network have been stubbed. [{\"name\":\"http\",\"status\":\"mocked\"},{\"name\":\"http\",\"status\":\"mocked\"},{\"name\":\"https\",\"status\":\"mocked\"},{\"name\":\"https\",\"status\":\"mocked\"},{\"name\":\"net\",\"status\":\"mocked\"}]"}}
[debug] [2021-10-29T22:35:59.346Z] [runtime-status] [29074] Resolved module firebase-functions {"declared":true,"installed":true,"version":"3.16.0","resolution":"/Users/kalibhackin/Desktop/myProjects/fullstack/job-seeker/functions/node_modules/firebase-functions/lib/index.js"} {"metadata":{"emulator":{"name":"functions"},"message":"[runtime-status] [29074] Resolved module firebase-functions {\"declared\":true,\"installed\":true,\"version\":\"3.16.0\",\"resolution\":\"/Users/kalibhackin/Desktop/myProjects/fullstack/job-seeker/functions/node_modules/firebase-functions/lib/index.js\"}"}}
[debug] [2021-10-29T22:35:59.417Z] [runtime-status] [29074] Checked functions.config() {"config":{}} {"metadata":{"emulator":{"name":"functions"},"message":"[runtime-status] [29074] Checked functions.config() {\"config\":{}}"}}
[debug] [2021-10-29T22:35:59.417Z] [runtime-status] [29074] firebase-functions has been stubbed. {"functionsResolution":{"declared":true,"installed":true,"version":"3.16.0","resolution":"/Users/kalibhackin/Desktop/myProjects/fullstack/job-seeker/functions/node_modules/firebase-functions/lib/index.js"}} {"metadata":{"emulator":{"name":"functions"},"message":"[runtime-status] [29074] firebase-functions has been stubbed. {\"functionsResolution\":{\"declared\":true,\"installed\":true,\"version\":\"3.16.0\",\"resolution\":\"/Users/kalibhackin/Desktop/myProjects/fullstack/job-seeker/functions/node_modules/firebase-functions/lib/index.js\"}}"}}
[debug] [2021-10-29T22:35:59.418Z] [runtime-status] [29074] Resolved module firebase-functions {"declared":true,"installed":true,"version":"3.16.0","resolution":"/Users/kalibhackin/Desktop/myProjects/fullstack/job-seeker/functions/node_modules/firebase-functions/lib/index.js"} {"metadata":{"emulator":{"name":"functions"},"message":"[runtime-status] [29074] Resolved module firebase-functions {\"declared\":true,\"installed\":true,\"version\":\"3.16.0\",\"resolution\":\"/Users/kalibhackin/Desktop/myProjects/fullstack/job-seeker/functions/node_modules/firebase-functions/lib/index.js\"}"}}
[debug] [2021-10-29T22:35:59.419Z] [runtime-status] [29074] Resolved module firebase-admin {"declared":true,"installed":true,"version":"9.12.0","resolution":"/Users/kalibhackin/Desktop/myProjects/fullstack/job-seeker/functions/node_modules/firebase-admin/lib/index.js"} {"metadata":{"emulator":{"name":"functions"},"message":"[runtime-status] [29074] Resolved module firebase-admin {\"declared\":true,\"installed\":true,\"version\":\"9.12.0\",\"resolution\":\"/Users/kalibhackin/Desktop/myProjects/fullstack/job-seeker/functions/node_modules/firebase-admin/lib/index.js\"}"}}
[debug] [2021-10-29T22:35:59.419Z] [runtime-status] [29074] Resolved module firebase-functions {"declared":true,"installed":true,"version":"3.16.0","resolution":"/Users/kalibhackin/Desktop/myProjects/fullstack/job-seeker/functions/node_modules/firebase-functions/lib/index.js"} {"metadata":{"emulator":{"name":"functions"},"message":"[runtime-status] [29074] Resolved module firebase-functions {\"declared\":true,\"installed\":true,\"version\":\"3.16.0\",\"resolution\":\"/Users/kalibhackin/Desktop/myProjects/fullstack/job-seeker/functions/node_modules/firebase-functions/lib/index.js\"}"}}
[debug] [2021-10-29T22:35:59.420Z] [runtime-status] [29074] firebase-admin has been stubbed. {"adminResolution":{"declared":true,"installed":true,"version":"9.12.0","resolution":"/Users/kalibhackin/Desktop/myProjects/fullstack/job-seeker/functions/node_modules/firebase-admin/lib/index.js"}} {"metadata":{"emulator":{"name":"functions"},"message":"[runtime-status] [29074] firebase-admin has been stubbed. {\"adminResolution\":{\"declared\":true,\"installed\":true,\"version\":\"9.12.0\",\"resolution\":\"/Users/kalibhackin/Desktop/myProjects/fullstack/job-seeker/functions/node_modules/firebase-admin/lib/index.js\"}}"}}
[info] ✔  functions[us-central1-users]: http function initialized (http://localhost:5001/job-seeker-3fe44/us-central1/users). {"metadata":{"emulator":{"name":"functions"},"message":"\u001b[1mhttp\u001b[22m function initialized (http://localhost:5001/job-seeker-3fe44/us-central1/users)."}}
[info] 
┌─────────────────────────────────────────────────────────────┐
│ ✔  All emulators ready! It is now safe to connect your app. │
│ i  View Emulator UI at http://localhost:4000                │
└─────────────────────────────────────────────────────────────┘

┌────────────────┬────────────────┬─────────────────────────────────┐
│ Emulator       │ Host:Port      │ View in Emulator UI             │
├────────────────┼────────────────┼─────────────────────────────────┤
│ Authentication │ localhost:9099 │ http://localhost:4000/auth      │
├────────────────┼────────────────┼─────────────────────────────────┤
│ Functions      │ localhost:5001 │ http://localhost:4000/functions │
├────────────────┼────────────────┼─────────────────────────────────┤
│ Firestore      │ localhost:8080 │ http://localhost:4000/firestore │
├────────────────┼────────────────┼─────────────────────────────────┤
│ Hosting        │ localhost:5000 │ n/a                             │
├────────────────┼────────────────┼─────────────────────────────────┤
│ Pub/Sub        │ localhost:8085 │ n/a                             │
├────────────────┼────────────────┼─────────────────────────────────┤
│ Storage        │ localhost:9199 │ http://localhost:4000/storage   │
└────────────────┴────────────────┴─────────────────────────────────┘
  Emulator Hub running at localhost:4400
  Other reserved ports: 4500

Issues? Report them at https://github.com/firebase/firebase-tools/issues and attach the *-debug.log files.
 
[debug] [2021-10-29T22:35:59.578Z] [worker-~diagnostic~-22b6c2d3-4a29-46ee-b279-036c1a9442e3]: IDLE {"metadata":{"emulator":{"name":"functions"},"message":"[worker-~diagnostic~-22b6c2d3-4a29-46ee-b279-036c1a9442e3]: IDLE"}}
[debug] [2021-10-29T22:36:06.420Z] Oct 29, 2021 5:36:06 PM io.gapi.emulators.netty.HttpVersionRoutingHandler channelRead
INFO: Detected non-HTTP/2 connection.
 {"metadata":{"emulator":{"name":"firestore"},"message":"Oct 29, 2021 5:36:06 PM io.gapi.emulators.netty.HttpVersionRoutingHandler channelRead\nINFO: Detected non-HTTP/2 connection.\n"}}
[debug] [2021-10-29T22:36:06.498Z] Oct 29, 2021 5:36:06 PM com.google.cloud.datastore.emulator.firestore.websocket.WebSocketChannelHandler initChannel
INFO: Connected to new websocket client
 {"metadata":{"emulator":{"name":"firestore"},"message":"Oct 29, 2021 5:36:06 PM com.google.cloud.datastore.emulator.firestore.websocket.WebSocketChannelHandler initChannel\nINFO: Connected to new websocket client\n"}}
[debug] [2021-10-29T22:36:09.519Z] Oct 29, 2021 5:36:09 PM io.gapi.emulators.netty.HttpVersionRoutingHandler channelRead
INFO: Detected non-HTTP/2 connection.
 {"metadata":{"emulator":{"name":"firestore"},"message":"Oct 29, 2021 5:36:09 PM io.gapi.emulators.netty.HttpVersionRoutingHandler channelRead\nINFO: Detected non-HTTP/2 connection.\n"}}
[debug] [2021-10-29T22:36:11.545Z] Oct 29, 2021 5:36:11 PM io.gapi.emulators.netty.HttpVersionRoutingHandler channelRead
INFO: Detected non-HTTP/2 connection.
 {"metadata":{"emulator":{"name":"firestore"},"message":"Oct 29, 2021 5:36:11 PM io.gapi.emulators.netty.HttpVersionRoutingHandler channelRead\nINFO: Detected non-HTTP/2 connection.\n"}}
[debug] [2021-10-29T22:36:13.568Z] Oct 29, 2021 5:36:13 PM io.gapi.emulators.netty.HttpVersionRoutingHandler channelRead
INFO: Detected non-HTTP/2 connection.
 {"metadata":{"emulator":{"name":"firestore"},"message":"Oct 29, 2021 5:36:13 PM io.gapi.emulators.netty.HttpVersionRoutingHandler channelRead\nINFO: Detected non-HTTP/2 connection.\n"}}
[debug] [2021-10-29T22:36:15.600Z] Oct 29, 2021 5:36:15 PM io.gapi.emulators.netty.HttpVersionRoutingHandler channelRead
INFO: Detected non-HTTP/2 connection.
 {"metadata":{"emulator":{"name":"firestore"},"message":"Oct 29, 2021 5:36:15 PM io.gapi.emulators.netty.HttpVersionRoutingHandler channelRead\nINFO: Detected non-HTTP/2 connection.\n"}}
[debug] [2021-10-29T22:36:18.539Z] [work-queue] {"queueLength":1,"workRunningCount":0}
[debug] [2021-10-29T22:36:18.539Z] [work-queue] {"queueLength":0,"workRunningCount":1}
[debug] [2021-10-29T22:36:18.539Z] Accepted request POST /job-seeker-3fe44/us-central1/users/ --> us-central1-users
[debug] [2021-10-29T22:36:18.545Z] [worker-pool] addWorker(us-central1-users) {"metadata":{"emulator":{"name":"functions"},"message":"[worker-pool] addWorker(us-central1-users)"}}
[debug] [2021-10-29T22:36:18.546Z] [worker-pool] Adding worker with key us-central1-users, total=1 {"metadata":{"emulator":{"name":"functions"},"message":"[worker-pool] Adding worker with key us-central1-users, total=1"}}
[debug] [2021-10-29T22:36:18.546Z] [worker-pool] submitWork(triggerId=us-central1-users) {"metadata":{"emulator":{"name":"functions"},"message":"[worker-pool] submitWork(triggerId=us-central1-users)"}}
[debug] [2021-10-29T22:36:18.546Z] [worker-us-central1-users-99afe8c8-40f8-4d38-a652-4968048fde64]: Assigning socketPath: /var/folders/nk/l93_2bl16vn2v0jx04y7n6640000gn/T/fire_emu_29077.sock {"metadata":{"emulator":{"name":"functions"},"message":"[worker-us-central1-users-99afe8c8-40f8-4d38-a652-4968048fde64]: Assigning socketPath: /var/folders/nk/l93_2bl16vn2v0jx04y7n6640000gn/T/fire_emu_29077.sock"}}
[debug] [2021-10-29T22:36:18.546Z] [worker-us-central1-users-99afe8c8-40f8-4d38-a652-4968048fde64]: BUSY {"metadata":{"emulator":{"name":"functions"},"message":"[worker-us-central1-users-99afe8c8-40f8-4d38-a652-4968048fde64]: BUSY"}}
[debug] [2021-10-29T22:36:18.693Z] [runtime-status] [29077] Functions runtime initialized. {"cwd":"/Users/kalibhackin/Desktop/myProjects/fullstack/job-seeker/functions","node_version":"14.17.4"} {"metadata":{"emulator":{"name":"functions"},"function":{"name":"us-central1-users"},"message":"[runtime-status] [29077] Functions runtime initialized. {\"cwd\":\"/Users/kalibhackin/Desktop/myProjects/fullstack/job-seeker/functions\",\"node_version\":\"14.17.4\"}"}}
[debug] [2021-10-29T22:36:18.694Z] [runtime-status] [29077] Disabled runtime features: undefined {"metadata":{"emulator":{"name":"functions"},"function":{"name":"us-central1-users"},"message":"[runtime-status] [29077] Disabled runtime features: undefined"}}
[debug] [2021-10-29T22:36:18.696Z] [runtime-status] [29077] Resolved module firebase-admin {"declared":true,"installed":true,"version":"9.12.0","resolution":"/Users/kalibhackin/Desktop/myProjects/fullstack/job-seeker/functions/node_modules/firebase-admin/lib/index.js"} {"metadata":{"emulator":{"name":"functions"},"function":{"name":"us-central1-users"},"message":"[runtime-status] [29077] Resolved module firebase-admin {\"declared\":true,\"installed\":true,\"version\":\"9.12.0\",\"resolution\":\"/Users/kalibhackin/Desktop/myProjects/fullstack/job-seeker/functions/node_modules/firebase-admin/lib/index.js\"}"}}
[debug] [2021-10-29T22:36:18.700Z] [runtime-status] [29077] Resolved module firebase-functions {"declared":true,"installed":true,"version":"3.16.0","resolution":"/Users/kalibhackin/Desktop/myProjects/fullstack/job-seeker/functions/node_modules/firebase-functions/lib/index.js"} {"metadata":{"emulator":{"name":"functions"},"function":{"name":"us-central1-users"},"message":"[runtime-status] [29077] Resolved module firebase-functions {\"declared\":true,\"installed\":true,\"version\":\"3.16.0\",\"resolution\":\"/Users/kalibhackin/Desktop/myProjects/fullstack/job-seeker/functions/node_modules/firebase-functions/lib/index.js\"}"}}
[debug] [2021-10-29T22:36:18.702Z] [runtime-status] [29077] Outgoing network have been stubbed. [{"name":"http","status":"mocked"},{"name":"http","status":"mocked"},{"name":"https","status":"mocked"},{"name":"https","status":"mocked"},{"name":"net","status":"mocked"}] {"metadata":{"emulator":{"name":"functions"},"function":{"name":"us-central1-users"},"message":"[runtime-status] [29077] Outgoing network have been stubbed. [{\"name\":\"http\",\"status\":\"mocked\"},{\"name\":\"http\",\"status\":\"mocked\"},{\"name\":\"https\",\"status\":\"mocked\"},{\"name\":\"https\",\"status\":\"mocked\"},{\"name\":\"net\",\"status\":\"mocked\"}]"}}
[debug] [2021-10-29T22:36:18.703Z] [runtime-status] [29077] Resolved module firebase-functions {"declared":true,"installed":true,"version":"3.16.0","resolution":"/Users/kalibhackin/Desktop/myProjects/fullstack/job-seeker/functions/node_modules/firebase-functions/lib/index.js"} {"metadata":{"emulator":{"name":"functions"},"function":{"name":"us-central1-users"},"message":"[runtime-status] [29077] Resolved module firebase-functions {\"declared\":true,\"installed\":true,\"version\":\"3.16.0\",\"resolution\":\"/Users/kalibhackin/Desktop/myProjects/fullstack/job-seeker/functions/node_modules/firebase-functions/lib/index.js\"}"}}
[debug] [2021-10-29T22:36:18.769Z] [runtime-status] [29077] Checked functions.config() {"config":{}} {"metadata":{"emulator":{"name":"functions"},"function":{"name":"us-central1-users"},"message":"[runtime-status] [29077] Checked functions.config() {\"config\":{}}"}}
[debug] [2021-10-29T22:36:18.769Z] [runtime-status] [29077] firebase-functions has been stubbed. {"functionsResolution":{"declared":true,"installed":true,"version":"3.16.0","resolution":"/Users/kalibhackin/Desktop/myProjects/fullstack/job-seeker/functions/node_modules/firebase-functions/lib/index.js"}} {"metadata":{"emulator":{"name":"functions"},"function":{"name":"us-central1-users"},"message":"[runtime-status] [29077] firebase-functions has been stubbed. {\"functionsResolution\":{\"declared\":true,\"installed\":true,\"version\":\"3.16.0\",\"resolution\":\"/Users/kalibhackin/Desktop/myProjects/fullstack/job-seeker/functions/node_modules/firebase-functions/lib/index.js\"}}"}}
[debug] [2021-10-29T22:36:18.770Z] [runtime-status] [29077] Resolved module firebase-functions {"declared":true,"installed":true,"version":"3.16.0","resolution":"/Users/kalibhackin/Desktop/myProjects/fullstack/job-seeker/functions/node_modules/firebase-functions/lib/index.js"} {"metadata":{"emulator":{"name":"functions"},"function":{"name":"us-central1-users"},"message":"[runtime-status] [29077] Resolved module firebase-functions {\"declared\":true,\"installed\":true,\"version\":\"3.16.0\",\"resolution\":\"/Users/kalibhackin/Desktop/myProjects/fullstack/job-seeker/functions/node_modules/firebase-functions/lib/index.js\"}"}}
[debug] [2021-10-29T22:36:18.770Z] [runtime-status] [29077] Resolved module firebase-admin {"declared":true,"installed":true,"version":"9.12.0","resolution":"/Users/kalibhackin/Desktop/myProjects/fullstack/job-seeker/functions/node_modules/firebase-admin/lib/index.js"} {"metadata":{"emulator":{"name":"functions"},"function":{"name":"us-central1-users"},"message":"[runtime-status] [29077] Resolved module firebase-admin {\"declared\":true,\"installed\":true,\"version\":\"9.12.0\",\"resolution\":\"/Users/kalibhackin/Desktop/myProjects/fullstack/job-seeker/functions/node_modules/firebase-admin/lib/index.js\"}"}}
[debug] [2021-10-29T22:36:18.771Z] [runtime-status] [29077] Resolved module firebase-functions {"declared":true,"installed":true,"version":"3.16.0","resolution":"/Users/kalibhackin/Desktop/myProjects/fullstack/job-seeker/functions/node_modules/firebase-functions/lib/index.js"} {"metadata":{"emulator":{"name":"functions"},"function":{"name":"us-central1-users"},"message":"[runtime-status] [29077] Resolved module firebase-functions {\"declared\":true,\"installed\":true,\"version\":\"3.16.0\",\"resolution\":\"/Users/kalibhackin/Desktop/myProjects/fullstack/job-seeker/functions/node_modules/firebase-functions/lib/index.js\"}"}}
[debug] [2021-10-29T22:36:18.771Z] [runtime-status] [29077] firebase-admin has been stubbed. {"adminResolution":{"declared":true,"installed":true,"version":"9.12.0","resolution":"/Users/kalibhackin/Desktop/myProjects/fullstack/job-seeker/functions/node_modules/firebase-admin/lib/index.js"}} {"metadata":{"emulator":{"name":"functions"},"function":{"name":"us-central1-users"},"message":"[runtime-status] [29077] firebase-admin has been stubbed. {\"adminResolution\":{\"declared\":true,\"installed\":true,\"version\":\"9.12.0\",\"resolution\":\"/Users/kalibhackin/Desktop/myProjects/fullstack/job-seeker/functions/node_modules/firebase-admin/lib/index.js\"}}"}}
[debug] [2021-10-29T22:36:18.911Z] [runtime-status] [29077] Trigger "us-central1-users" has been found, beginning invocation! {"metadata":{"emulator":{"name":"functions"},"function":{"name":"us-central1-users"},"message":"[runtime-status] [29077] Trigger \"us-central1-users\" has been found, beginning invocation!"}}
[info] i  functions: Beginning execution of "us-central1-users" {"metadata":{"emulator":{"name":"functions"},"function":{"name":"us-central1-users"},"message":"Beginning execution of \"us-central1-users\""}}
[debug] [2021-10-29T22:36:18.912Z] [runtime-status] [29077] triggerDefinition {"httpsTrigger":{},"name":"users","entryPoint":"users","regions":["us-central1"],"region":"us-central1","id":"us-central1-users"} {"metadata":{"emulator":{"name":"functions"},"function":{"name":"us-central1-users"},"message":"[runtime-status] [29077] triggerDefinition {\"httpsTrigger\":{},\"name\":\"users\",\"entryPoint\":\"users\",\"regions\":[\"us-central1\"],\"region\":\"us-central1\",\"id\":\"us-central1-users\"}"}}
[debug] [2021-10-29T22:36:18.912Z] [runtime-status] [29077] Running us-central1-users in signature http {"metadata":{"emulator":{"name":"functions"},"function":{"name":"us-central1-users"},"message":"[runtime-status] [29077] Running us-central1-users in signature http"}}
[debug] [2021-10-29T22:36:18.917Z] [runtime-status] [29077] Attempting to listen to socketPath: /var/folders/nk/l93_2bl16vn2v0jx04y7n6640000gn/T/fire_emu_29077.sock {"metadata":{"emulator":{"name":"functions"},"function":{"name":"us-central1-users"},"message":"[runtime-status] [29077] Attempting to listen to socketPath: /var/folders/nk/l93_2bl16vn2v0jx04y7n6640000gn/T/fire_emu_29077.sock"}}
[debug] [2021-10-29T22:36:18.920Z] [functions] Runtime ready! Sending request! {"metadata":{"emulator":{"name":"functions"},"message":"[functions] Runtime ready! Sending request!"}}
[debug] [2021-10-29T22:36:18.920Z] [functions] Got req.url=/job-seeker-3fe44/us-central1/users/, mapping to path=/ {"metadata":{"emulator":{"name":"functions"},"message":"[functions] Got req.url=/job-seeker-3fe44/us-central1/users/, mapping to path=/"}}
[debug] [2021-10-29T22:36:18.927Z] [runtime-status] [29077] Ephemeral server handling POST request {"metadata":{"emulator":{"name":"functions"},"function":{"name":"us-central1-users"},"message":"[runtime-status] [29077] Ephemeral server handling POST request"}}
[warn] ⚠  External network resource requested!
   - URL: "https://search.torre.co/people/_search/?size=25"
 - Be careful, this may be a production service. {"metadata":{"emulator":{"name":"functions"},"function":{"name":"us-central1-users"},"message":"External network resource requested!\n   - URL: \"https://search.torre.co/people/_search/?size=25\"\n - Be careful, this may be a production service."}}
[debug] [2021-10-29T22:36:18.957Z] [runtime-status] [29077] Ephemeral server survived. {"metadata":{"emulator":{"name":"functions"},"function":{"name":"us-central1-users"},"message":"[runtime-status] [29077] Ephemeral server survived."}}
[warn] ⚠  functions: Your function timed out after ~60s. To configure this timeout, see
      https://firebase.google.com/docs/functions/manage-functions#set_timeout_and_memory_allocation. {"metadata":{"emulator":{"name":"functions"},"function":{"name":"us-central1-users"},"message":"Your function timed out after ~60s. To configure this timeout, see\n      https://firebase.google.com/docs/functions/manage-functions#set_timeout_and_memory_allocation."}}
[info] >  /Users/kalibhackin/.nvm/versions/node/v14.17.4/lib/node_modules/firebase-tools/lib/emulator/functionsEmulatorRuntime.js:604 {"user":"/Users/kalibhackin/.nvm/versions/node/v14.17.4/lib/node_modules/firebase-tools/lib/emulator/functionsEmulatorRuntime.js:604","metadata":{"emulator":{"name":"functions"},"function":{"name":"us-central1-users"},"message":"\u001b[90m> \u001b[39m /Users/kalibhackin/.nvm/versions/node/v14.17.4/lib/node_modules/firebase-tools/lib/emulator/functionsEmulatorRuntime.js:604"}}
[info] >              throw new Error("Function timed out."); {"user":"            throw new Error(\"Function timed out.\");","metadata":{"emulator":{"name":"functions"},"function":{"name":"us-central1-users"},"message":"\u001b[90m> \u001b[39m             throw new Error(\"Function timed out.\");"}}
[info] >              ^ {"user":"            ^","metadata":{"emulator":{"name":"functions"},"function":{"name":"us-central1-users"},"message":"\u001b[90m> \u001b[39m             ^"}}
[info] >   {"user":"","metadata":{"emulator":{"name":"functions"},"function":{"name":"us-central1-users"},"message":"\u001b[90m> \u001b[39m "}}
[info] >  Error: Function timed out. {"user":"Error: Function timed out.","metadata":{"emulator":{"name":"functions"},"function":{"name":"us-central1-users"},"message":"\u001b[90m> \u001b[39m Error: Function timed out."}}
[info] >      at Timeout._onTimeout (/Users/kalibhackin/.nvm/versions/node/v14.17.4/lib/node_modules/firebase-tools/lib/emulator/functionsEmulatorRuntime.js:604:19) {"user":"    at Timeout._onTimeout (/Users/kalibhackin/.nvm/versions/node/v14.17.4/lib/node_modules/firebase-tools/lib/emulator/functionsEmulatorRuntime.js:604:19)","metadata":{"emulator":{"name":"functions"},"function":{"name":"us-central1-users"},"message":"\u001b[90m> \u001b[39m     at Timeout._onTimeout (/Users/kalibhackin/.nvm/versions/node/v14.17.4/lib/node_modules/firebase-tools/lib/emulator/functionsEmulatorRuntime.js:604:19)"}}
[info] >      at listOnTimeout (internal/timers.js:557:17) {"user":"    at listOnTimeout (internal/timers.js:557:17)","metadata":{"emulator":{"name":"functions"},"function":{"name":"us-central1-users"},"message":"\u001b[90m> \u001b[39m     at listOnTimeout (internal/timers.js:557:17)"}}
[info] >      at processTimers (internal/timers.js:500:7) {"user":"    at processTimers (internal/timers.js:500:7)","metadata":{"emulator":{"name":"functions"},"function":{"name":"us-central1-users"},"message":"\u001b[90m> \u001b[39m     at processTimers (internal/timers.js:500:7)"}}
[debug] [2021-10-29T22:37:18.925Z] [worker-us-central1-users-99afe8c8-40f8-4d38-a652-4968048fde64]: exited {"metadata":{"emulator":{"name":"functions"},"message":"[worker-us-central1-users-99afe8c8-40f8-4d38-a652-4968048fde64]: exited"}}
[debug] [2021-10-29T22:37:18.925Z] [worker-us-central1-users-99afe8c8-40f8-4d38-a652-4968048fde64]: FINISHED {"metadata":{"emulator":{"name":"functions"},"message":"[worker-us-central1-users-99afe8c8-40f8-4d38-a652-4968048fde64]: FINISHED"}}
[debug] [2021-10-29T22:37:18.926Z] [work-queue] {"queueLength":0,"workRunningCount":0}
[debug] [2021-10-29T23:32:04.972Z] [work-queue] {"queueLength":1,"workRunningCount":0}
[debug] [2021-10-29T23:32:04.974Z] [work-queue] {"queueLength":0,"workRunningCount":1}
[debug] [2021-10-29T23:32:04.975Z] Accepted request POST /job-seeker-3fe44/us-central1/users/ --> us-central1-users
[debug] [2021-10-29T23:32:04.978Z] [worker-pool] Cleaned up workers for us-central1-users: 1 --> 0 {"metadata":{"emulator":{"name":"functions"},"message":"[worker-pool] Cleaned up workers for us-central1-users: 1 --> 0"}}
[debug] [2021-10-29T23:32:05.068Z] [worker-pool] addWorker(us-central1-users) {"metadata":{"emulator":{"name":"functions"},"message":"[worker-pool] addWorker(us-central1-users)"}}
[debug] [2021-10-29T23:32:05.069Z] [worker-pool] Adding worker with key us-central1-users, total=1 {"metadata":{"emulator":{"name":"functions"},"message":"[worker-pool] Adding worker with key us-central1-users, total=1"}}
[debug] [2021-10-29T23:32:05.069Z] [worker-pool] submitWork(triggerId=us-central1-users) {"metadata":{"emulator":{"name":"functions"},"message":"[worker-pool] submitWork(triggerId=us-central1-users)"}}
[debug] [2021-10-29T23:32:05.070Z] [worker-us-central1-users-db42dd20-6db3-441a-9eb9-2f5d28ba35ae]: Assigning socketPath: /var/folders/nk/l93_2bl16vn2v0jx04y7n6640000gn/T/fire_emu_29395.sock {"metadata":{"emulator":{"name":"functions"},"message":"[worker-us-central1-users-db42dd20-6db3-441a-9eb9-2f5d28ba35ae]: Assigning socketPath: /var/folders/nk/l93_2bl16vn2v0jx04y7n6640000gn/T/fire_emu_29395.sock"}}
[debug] [2021-10-29T23:32:05.070Z] [worker-us-central1-users-db42dd20-6db3-441a-9eb9-2f5d28ba35ae]: BUSY {"metadata":{"emulator":{"name":"functions"},"message":"[worker-us-central1-users-db42dd20-6db3-441a-9eb9-2f5d28ba35ae]: BUSY"}}
[debug] [2021-10-29T23:32:06.126Z] [runtime-status] [29395] Functions runtime initialized. {"cwd":"/Users/kalibhackin/Desktop/myProjects/fullstack/job-seeker/functions","node_version":"14.17.4"} {"metadata":{"emulator":{"name":"functions"},"function":{"name":"us-central1-users"},"message":"[runtime-status] [29395] Functions runtime initialized. {\"cwd\":\"/Users/kalibhackin/Desktop/myProjects/fullstack/job-seeker/functions\",\"node_version\":\"14.17.4\"}"}}
[debug] [2021-10-29T23:32:06.127Z] [runtime-status] [29395] Disabled runtime features: undefined {"metadata":{"emulator":{"name":"functions"},"function":{"name":"us-central1-users"},"message":"[runtime-status] [29395] Disabled runtime features: undefined"}}
[debug] [2021-10-29T23:32:06.136Z] [runtime-status] [29395] Resolved module firebase-admin {"declared":true,"installed":true,"version":"9.12.0","resolution":"/Users/kalibhackin/Desktop/myProjects/fullstack/job-seeker/functions/node_modules/firebase-admin/lib/index.js"} {"metadata":{"emulator":{"name":"functions"},"function":{"name":"us-central1-users"},"message":"[runtime-status] [29395] Resolved module firebase-admin {\"declared\":true,\"installed\":true,\"version\":\"9.12.0\",\"resolution\":\"/Users/kalibhackin/Desktop/myProjects/fullstack/job-seeker/functions/node_modules/firebase-admin/lib/index.js\"}"}}
[debug] [2021-10-29T23:32:06.166Z] [runtime-status] [29395] Resolved module firebase-functions {"declared":true,"installed":true,"version":"3.16.0","resolution":"/Users/kalibhackin/Desktop/myProjects/fullstack/job-seeker/functions/node_modules/firebase-functions/lib/index.js"} {"metadata":{"emulator":{"name":"functions"},"function":{"name":"us-central1-users"},"message":"[runtime-status] [29395] Resolved module firebase-functions {\"declared\":true,\"installed\":true,\"version\":\"3.16.0\",\"resolution\":\"/Users/kalibhackin/Desktop/myProjects/fullstack/job-seeker/functions/node_modules/firebase-functions/lib/index.js\"}"}}
[debug] [2021-10-29T23:32:06.168Z] [runtime-status] [29395] Outgoing network have been stubbed. [{"name":"http","status":"mocked"},{"name":"http","status":"mocked"},{"name":"https","status":"mocked"},{"name":"https","status":"mocked"},{"name":"net","status":"mocked"}] {"metadata":{"emulator":{"name":"functions"},"function":{"name":"us-central1-users"},"message":"[runtime-status] [29395] Outgoing network have been stubbed. [{\"name\":\"http\",\"status\":\"mocked\"},{\"name\":\"http\",\"status\":\"mocked\"},{\"name\":\"https\",\"status\":\"mocked\"},{\"name\":\"https\",\"status\":\"mocked\"},{\"name\":\"net\",\"status\":\"mocked\"}]"}}
[debug] [2021-10-29T23:32:06.169Z] [runtime-status] [29395] Resolved module firebase-functions {"declared":true,"installed":true,"version":"3.16.0","resolution":"/Users/kalibhackin/Desktop/myProjects/fullstack/job-seeker/functions/node_modules/firebase-functions/lib/index.js"} {"metadata":{"emulator":{"name":"functions"},"function":{"name":"us-central1-users"},"message":"[runtime-status] [29395] Resolved module firebase-functions {\"declared\":true,\"installed\":true,\"version\":\"3.16.0\",\"resolution\":\"/Users/kalibhackin/Desktop/myProjects/fullstack/job-seeker/functions/node_modules/firebase-functions/lib/index.js\"}"}}
[debug] [2021-10-29T23:32:06.473Z] [runtime-status] [29395] Checked functions.config() {"config":{}} {"metadata":{"emulator":{"name":"functions"},"function":{"name":"us-central1-users"},"message":"[runtime-status] [29395] Checked functions.config() {\"config\":{}}"}}
[debug] [2021-10-29T23:32:06.474Z] [runtime-status] [29395] firebase-functions has been stubbed. {"functionsResolution":{"declared":true,"installed":true,"version":"3.16.0","resolution":"/Users/kalibhackin/Desktop/myProjects/fullstack/job-seeker/functions/node_modules/firebase-functions/lib/index.js"}} {"metadata":{"emulator":{"name":"functions"},"function":{"name":"us-central1-users"},"message":"[runtime-status] [29395] firebase-functions has been stubbed. {\"functionsResolution\":{\"declared\":true,\"installed\":true,\"version\":\"3.16.0\",\"resolution\":\"/Users/kalibhackin/Desktop/myProjects/fullstack/job-seeker/functions/node_modules/firebase-functions/lib/index.js\"}}"}}
[debug] [2021-10-29T23:32:06.474Z] [runtime-status] [29395] Resolved module firebase-functions {"declared":true,"installed":true,"version":"3.16.0","resolution":"/Users/kalibhackin/Desktop/myProjects/fullstack/job-seeker/functions/node_modules/firebase-functions/lib/index.js"} {"metadata":{"emulator":{"name":"functions"},"function":{"name":"us-central1-users"},"message":"[runtime-status] [29395] Resolved module firebase-functions {\"declared\":true,\"installed\":true,\"version\":\"3.16.0\",\"resolution\":\"/Users/kalibhackin/Desktop/myProjects/fullstack/job-seeker/functions/node_modules/firebase-functions/lib/index.js\"}"}}
[debug] [2021-10-29T23:32:06.475Z] [runtime-status] [29395] Resolved module firebase-admin {"declared":true,"installed":true,"version":"9.12.0","resolution":"/Users/kalibhackin/Desktop/myProjects/fullstack/job-seeker/functions/node_modules/firebase-admin/lib/index.js"} {"metadata":{"emulator":{"name":"functions"},"function":{"name":"us-central1-users"},"message":"[runtime-status] [29395] Resolved module firebase-admin {\"declared\":true,\"installed\":true,\"version\":\"9.12.0\",\"resolution\":\"/Users/kalibhackin/Desktop/myProjects/fullstack/job-seeker/functions/node_modules/firebase-admin/lib/index.js\"}"}}
[debug] [2021-10-29T23:32:06.476Z] [runtime-status] [29395] Resolved module firebase-functions {"declared":true,"installed":true,"version":"3.16.0","resolution":"/Users/kalibhackin/Desktop/myProjects/fullstack/job-seeker/functions/node_modules/firebase-functions/lib/index.js"} {"metadata":{"emulator":{"name":"functions"},"function":{"name":"us-central1-users"},"message":"[runtime-status] [29395] Resolved module firebase-functions {\"declared\":true,\"installed\":true,\"version\":\"3.16.0\",\"resolution\":\"/Users/kalibhackin/Desktop/myProjects/fullstack/job-seeker/functions/node_modules/firebase-functions/lib/index.js\"}"}}
[debug] [2021-10-29T23:32:06.478Z] [runtime-status] [29395] firebase-admin has been stubbed. {"adminResolution":{"declared":true,"installed":true,"version":"9.12.0","resolution":"/Users/kalibhackin/Desktop/myProjects/fullstack/job-seeker/functions/node_modules/firebase-admin/lib/index.js"}} {"metadata":{"emulator":{"name":"functions"},"function":{"name":"us-central1-users"},"message":"[runtime-status] [29395] firebase-admin has been stubbed. {\"adminResolution\":{\"declared\":true,\"installed\":true,\"version\":\"9.12.0\",\"resolution\":\"/Users/kalibhackin/Desktop/myProjects/fullstack/job-seeker/functions/node_modules/firebase-admin/lib/index.js\"}}"}}
[debug] [2021-10-29T23:32:07.394Z] [runtime-status] [29395] Trigger "us-central1-users" has been found, beginning invocation! {"metadata":{"emulator":{"name":"functions"},"function":{"name":"us-central1-users"},"message":"[runtime-status] [29395] Trigger \"us-central1-users\" has been found, beginning invocation!"}}
[info] i  functions: Beginning execution of "us-central1-users" {"metadata":{"emulator":{"name":"functions"},"function":{"name":"us-central1-users"},"message":"Beginning execution of \"us-central1-users\""}}
[debug] [2021-10-29T23:32:07.395Z] [runtime-status] [29395] triggerDefinition {"httpsTrigger":{},"name":"users","entryPoint":"users","regions":["us-central1"],"region":"us-central1","id":"us-central1-users"} {"metadata":{"emulator":{"name":"functions"},"function":{"name":"us-central1-users"},"message":"[runtime-status] [29395] triggerDefinition {\"httpsTrigger\":{},\"name\":\"users\",\"entryPoint\":\"users\",\"regions\":[\"us-central1\"],\"region\":\"us-central1\",\"id\":\"us-central1-users\"}"}}
[debug] [2021-10-29T23:32:07.395Z] [runtime-status] [29395] Running us-central1-users in signature http {"metadata":{"emulator":{"name":"functions"},"function":{"name":"us-central1-users"},"message":"[runtime-status] [29395] Running us-central1-users in signature http"}}
[debug] [2021-10-29T23:32:07.397Z] [runtime-status] [29395] Attempting to listen to socketPath: /var/folders/nk/l93_2bl16vn2v0jx04y7n6640000gn/T/fire_emu_29395.sock {"metadata":{"emulator":{"name":"functions"},"function":{"name":"us-central1-users"},"message":"[runtime-status] [29395] Attempting to listen to socketPath: /var/folders/nk/l93_2bl16vn2v0jx04y7n6640000gn/T/fire_emu_29395.sock"}}
[debug] [2021-10-29T23:32:07.423Z] [functions] Runtime ready! Sending request! {"metadata":{"emulator":{"name":"functions"},"message":"[functions] Runtime ready! Sending request!"}}
[debug] [2021-10-29T23:32:07.424Z] [functions] Got req.url=/job-seeker-3fe44/us-central1/users/, mapping to path=/ {"metadata":{"emulator":{"name":"functions"},"message":"[functions] Got req.url=/job-seeker-3fe44/us-central1/users/, mapping to path=/"}}
[debug] [2021-10-29T23:32:07.432Z] [runtime-status] [29395] Ephemeral server handling POST request {"metadata":{"emulator":{"name":"functions"},"function":{"name":"us-central1-users"},"message":"[runtime-status] [29395] Ephemeral server handling POST request"}}
[warn] ⚠  External network resource requested!
   - URL: "https://search.torre.co/people/_search/?size=25"
 - Be careful, this may be a production service. {"metadata":{"emulator":{"name":"functions"},"function":{"name":"us-central1-users"},"message":"External network resource requested!\n   - URL: \"https://search.torre.co/people/_search/?size=25\"\n - Be careful, this may be a production service."}}
[debug] [2021-10-29T23:32:07.461Z] [runtime-status] [29395] Ephemeral server survived. {"metadata":{"emulator":{"name":"functions"},"function":{"name":"us-central1-users"},"message":"[runtime-status] [29395] Ephemeral server survived."}}
[info] i  functions: Finished "us-central1-users" in ~1s {"metadata":{"emulator":{"name":"functions"},"function":{"name":"us-central1-users"},"message":"Finished \"us-central1-users\" in ~1s"}}
[debug] [2021-10-29T23:32:08.532Z] [worker-us-central1-users-db42dd20-6db3-441a-9eb9-2f5d28ba35ae]: IDLE {"metadata":{"emulator":{"name":"functions"},"message":"[worker-us-central1-users-db42dd20-6db3-441a-9eb9-2f5d28ba35ae]: IDLE"}}
[debug] [2021-10-29T23:32:08.532Z] [work-queue] {"queueLength":0,"workRunningCount":0}
[debug] [2021-10-30T00:31:36.237Z] [work-queue] {"queueLength":1,"workRunningCount":0}
[debug] [2021-10-30T00:31:36.239Z] [work-queue] {"queueLength":0,"workRunningCount":1}
[debug] [2021-10-30T00:31:36.239Z] Accepted request POST /job-seeker-3fe44/us-central1/users/ --> us-central1-users
[debug] [2021-10-30T00:31:36.242Z] [worker-pool] submitWork(triggerId=us-central1-users) {"metadata":{"emulator":{"name":"functions"},"message":"[worker-pool] submitWork(triggerId=us-central1-users)"}}
[debug] [2021-10-30T00:31:36.242Z] [worker-us-central1-users-db42dd20-6db3-441a-9eb9-2f5d28ba35ae]: Assigning socketPath: /var/folders/nk/l93_2bl16vn2v0jx04y7n6640000gn/T/fire_emu_29395.sock {"metadata":{"emulator":{"name":"functions"},"message":"[worker-us-central1-users-db42dd20-6db3-441a-9eb9-2f5d28ba35ae]: Assigning socketPath: /var/folders/nk/l93_2bl16vn2v0jx04y7n6640000gn/T/fire_emu_29395.sock"}}
[debug] [2021-10-30T00:31:36.242Z] [worker-us-central1-users-db42dd20-6db3-441a-9eb9-2f5d28ba35ae]: BUSY {"metadata":{"emulator":{"name":"functions"},"message":"[worker-us-central1-users-db42dd20-6db3-441a-9eb9-2f5d28ba35ae]: BUSY"}}
[debug] [2021-10-30T00:31:36.248Z] [runtime-status] [29395] Trigger "us-central1-users" has been found, beginning invocation! {"metadata":{"emulator":{"name":"functions"},"function":{"name":"us-central1-users"},"message":"[runtime-status] [29395] Trigger \"us-central1-users\" has been found, beginning invocation!"}}
[info] i  functions: Beginning execution of "us-central1-users" {"metadata":{"emulator":{"name":"functions"},"function":{"name":"us-central1-users"},"message":"Beginning execution of \"us-central1-users\""}}
[debug] [2021-10-30T00:31:36.250Z] [runtime-status] [29395] triggerDefinition {"httpsTrigger":{},"name":"users","entryPoint":"users","regions":["us-central1"],"region":"us-central1","id":"us-central1-users"} {"metadata":{"emulator":{"name":"functions"},"function":{"name":"us-central1-users"},"message":"[runtime-status] [29395] triggerDefinition {\"httpsTrigger\":{},\"name\":\"users\",\"entryPoint\":\"users\",\"regions\":[\"us-central1\"],\"region\":\"us-central1\",\"id\":\"us-central1-users\"}"}}
[debug] [2021-10-30T00:31:36.250Z] [runtime-status] [29395] Running us-central1-users in signature http {"metadata":{"emulator":{"name":"functions"},"function":{"name":"us-central1-users"},"message":"[runtime-status] [29395] Running us-central1-users in signature http"}}
[debug] [2021-10-30T00:31:36.250Z] [runtime-status] [29395] Attempting to listen to socketPath: /var/folders/nk/l93_2bl16vn2v0jx04y7n6640000gn/T/fire_emu_29395.sock {"metadata":{"emulator":{"name":"functions"},"function":{"name":"us-central1-users"},"message":"[runtime-status] [29395] Attempting to listen to socketPath: /var/folders/nk/l93_2bl16vn2v0jx04y7n6640000gn/T/fire_emu_29395.sock"}}
[debug] [2021-10-30T00:31:36.257Z] [functions] Runtime ready! Sending request! {"metadata":{"emulator":{"name":"functions"},"message":"[functions] Runtime ready! Sending request!"}}
[debug] [2021-10-30T00:31:36.258Z] [functions] Got req.url=/job-seeker-3fe44/us-central1/users/, mapping to path=/ {"metadata":{"emulator":{"name":"functions"},"message":"[functions] Got req.url=/job-seeker-3fe44/us-central1/users/, mapping to path=/"}}
[debug] [2021-10-30T00:31:36.264Z] [runtime-status] [29395] Ephemeral server handling POST request {"metadata":{"emulator":{"name":"functions"},"function":{"name":"us-central1-users"},"message":"[runtime-status] [29395] Ephemeral server handling POST request"}}
[debug] [2021-10-30T00:31:36.275Z] [runtime-status] [29395] Ephemeral server survived. {"metadata":{"emulator":{"name":"functions"},"function":{"name":"us-central1-users"},"message":"[runtime-status] [29395] Ephemeral server survived."}}
[info] i  functions: Finished "us-central1-users" in ~1s {"metadata":{"emulator":{"name":"functions"},"function":{"name":"us-central1-users"},"message":"Finished \"us-central1-users\" in ~1s"}}
[debug] [2021-10-30T00:31:37.395Z] [worker-us-central1-users-db42dd20-6db3-441a-9eb9-2f5d28ba35ae]: IDLE {"metadata":{"emulator":{"name":"functions"},"message":"[worker-us-central1-users-db42dd20-6db3-441a-9eb9-2f5d28ba35ae]: IDLE"}}
[debug] [2021-10-30T00:31:37.396Z] [work-queue] {"queueLength":0,"workRunningCount":0}
[debug] [2021-10-30T00:45:03.692Z] [work-queue] {"queueLength":1,"workRunningCount":0}
[debug] [2021-10-30T00:45:03.695Z] [work-queue] {"queueLength":0,"workRunningCount":1}
[debug] [2021-10-30T00:45:03.697Z] Accepted request POST /job-seeker-3fe44/us-central1/users/ --> us-central1-users
[debug] [2021-10-30T00:45:03.707Z] [worker-pool] submitWork(triggerId=us-central1-users) {"metadata":{"emulator":{"name":"functions"},"message":"[worker-pool] submitWork(triggerId=us-central1-users)"}}
[debug] [2021-10-30T00:45:03.707Z] [worker-us-central1-users-db42dd20-6db3-441a-9eb9-2f5d28ba35ae]: Assigning socketPath: /var/folders/nk/l93_2bl16vn2v0jx04y7n6640000gn/T/fire_emu_29395.sock {"metadata":{"emulator":{"name":"functions"},"message":"[worker-us-central1-users-db42dd20-6db3-441a-9eb9-2f5d28ba35ae]: Assigning socketPath: /var/folders/nk/l93_2bl16vn2v0jx04y7n6640000gn/T/fire_emu_29395.sock"}}
[debug] [2021-10-30T00:45:03.708Z] [worker-us-central1-users-db42dd20-6db3-441a-9eb9-2f5d28ba35ae]: BUSY {"metadata":{"emulator":{"name":"functions"},"message":"[worker-us-central1-users-db42dd20-6db3-441a-9eb9-2f5d28ba35ae]: BUSY"}}
[debug] [2021-10-30T00:45:03.716Z] [runtime-status] [29395] Trigger "us-central1-users" has been found, beginning invocation! {"metadata":{"emulator":{"name":"functions"},"function":{"name":"us-central1-users"},"message":"[runtime-status] [29395] Trigger \"us-central1-users\" has been found, beginning invocation!"}}
[info] i  functions: Beginning execution of "us-central1-users" {"metadata":{"emulator":{"name":"functions"},"function":{"name":"us-central1-users"},"message":"Beginning execution of \"us-central1-users\""}}
[debug] [2021-10-30T00:45:03.719Z] [runtime-status] [29395] triggerDefinition {"httpsTrigger":{},"name":"users","entryPoint":"users","regions":["us-central1"],"region":"us-central1","id":"us-central1-users"} {"metadata":{"emulator":{"name":"functions"},"function":{"name":"us-central1-users"},"message":"[runtime-status] [29395] triggerDefinition {\"httpsTrigger\":{},\"name\":\"users\",\"entryPoint\":\"users\",\"regions\":[\"us-central1\"],\"region\":\"us-central1\",\"id\":\"us-central1-users\"}"}}
[debug] [2021-10-30T00:45:03.731Z] [runtime-status] [29395] Running us-central1-users in signature http {"metadata":{"emulator":{"name":"functions"},"function":{"name":"us-central1-users"},"message":"[runtime-status] [29395] Running us-central1-users in signature http"}}
[debug] [2021-10-30T00:45:03.732Z] [runtime-status] [29395] Attempting to listen to socketPath: /var/folders/nk/l93_2bl16vn2v0jx04y7n6640000gn/T/fire_emu_29395.sock {"metadata":{"emulator":{"name":"functions"},"function":{"name":"us-central1-users"},"message":"[runtime-status] [29395] Attempting to listen to socketPath: /var/folders/nk/l93_2bl16vn2v0jx04y7n6640000gn/T/fire_emu_29395.sock"}}
[debug] [2021-10-30T00:45:03.736Z] [functions] Runtime ready! Sending request! {"metadata":{"emulator":{"name":"functions"},"message":"[functions] Runtime ready! Sending request!"}}
[debug] [2021-10-30T00:45:03.737Z] [functions] Got req.url=/job-seeker-3fe44/us-central1/users/, mapping to path=/ {"metadata":{"emulator":{"name":"functions"},"message":"[functions] Got req.url=/job-seeker-3fe44/us-central1/users/, mapping to path=/"}}
[debug] [2021-10-30T00:45:03.750Z] [runtime-status] [29395] Ephemeral server handling POST request {"metadata":{"emulator":{"name":"functions"},"function":{"name":"us-central1-users"},"message":"[runtime-status] [29395] Ephemeral server handling POST request"}}
[debug] [2021-10-30T00:45:03.759Z] [runtime-status] [29395] Ephemeral server survived. {"metadata":{"emulator":{"name":"functions"},"function":{"name":"us-central1-users"},"message":"[runtime-status] [29395] Ephemeral server survived."}}
[info] i  functions: Finished "us-central1-users" in ~1s {"metadata":{"emulator":{"name":"functions"},"function":{"name":"us-central1-users"},"message":"Finished \"us-central1-users\" in ~1s"}}
[debug] [2021-10-30T00:45:04.768Z] [worker-us-central1-users-db42dd20-6db3-441a-9eb9-2f5d28ba35ae]: IDLE {"metadata":{"emulator":{"name":"functions"},"message":"[worker-us-central1-users-db42dd20-6db3-441a-9eb9-2f5d28ba35ae]: IDLE"}}
[debug] [2021-10-30T00:45:04.768Z] [work-queue] {"queueLength":0,"workRunningCount":0}
[debug] [2021-10-30T00:56:43.139Z] [work-queue] {"queueLength":1,"workRunningCount":0}
[debug] [2021-10-30T00:56:43.143Z] [work-queue] {"queueLength":0,"workRunningCount":1}
[debug] [2021-10-30T00:56:43.144Z] Accepted request POST /job-seeker-3fe44/us-central1/users/ --> us-central1-users
[debug] [2021-10-30T00:56:43.150Z] [worker-pool] submitWork(triggerId=us-central1-users) {"metadata":{"emulator":{"name":"functions"},"message":"[worker-pool] submitWork(triggerId=us-central1-users)"}}
[debug] [2021-10-30T00:56:43.151Z] [worker-us-central1-users-db42dd20-6db3-441a-9eb9-2f5d28ba35ae]: Assigning socketPath: /var/folders/nk/l93_2bl16vn2v0jx04y7n6640000gn/T/fire_emu_29395.sock {"metadata":{"emulator":{"name":"functions"},"message":"[worker-us-central1-users-db42dd20-6db3-441a-9eb9-2f5d28ba35ae]: Assigning socketPath: /var/folders/nk/l93_2bl16vn2v0jx04y7n6640000gn/T/fire_emu_29395.sock"}}
[debug] [2021-10-30T00:56:43.157Z] [worker-us-central1-users-db42dd20-6db3-441a-9eb9-2f5d28ba35ae]: BUSY {"metadata":{"emulator":{"name":"functions"},"message":"[worker-us-central1-users-db42dd20-6db3-441a-9eb9-2f5d28ba35ae]: BUSY"}}
[debug] [2021-10-30T00:56:43.195Z] [runtime-status] [29395] Trigger "us-central1-users" has been found, beginning invocation! {"metadata":{"emulator":{"name":"functions"},"function":{"name":"us-central1-users"},"message":"[runtime-status] [29395] Trigger \"us-central1-users\" has been found, beginning invocation!"}}
[info] i  functions: Beginning execution of "us-central1-users" {"metadata":{"emulator":{"name":"functions"},"function":{"name":"us-central1-users"},"message":"Beginning execution of \"us-central1-users\""}}
[debug] [2021-10-30T00:56:43.206Z] [runtime-status] [29395] triggerDefinition {"httpsTrigger":{},"name":"users","entryPoint":"users","regions":["us-central1"],"region":"us-central1","id":"us-central1-users"} {"metadata":{"emulator":{"name":"functions"},"function":{"name":"us-central1-users"},"message":"[runtime-status] [29395] triggerDefinition {\"httpsTrigger\":{},\"name\":\"users\",\"entryPoint\":\"users\",\"regions\":[\"us-central1\"],\"region\":\"us-central1\",\"id\":\"us-central1-users\"}"}}
[debug] [2021-10-30T00:56:43.206Z] [runtime-status] [29395] Running us-central1-users in signature http {"metadata":{"emulator":{"name":"functions"},"function":{"name":"us-central1-users"},"message":"[runtime-status] [29395] Running us-central1-users in signature http"}}
[debug] [2021-10-30T00:56:43.206Z] [runtime-status] [29395] Attempting to listen to socketPath: /var/folders/nk/l93_2bl16vn2v0jx04y7n6640000gn/T/fire_emu_29395.sock {"metadata":{"emulator":{"name":"functions"},"function":{"name":"us-central1-users"},"message":"[runtime-status] [29395] Attempting to listen to socketPath: /var/folders/nk/l93_2bl16vn2v0jx04y7n6640000gn/T/fire_emu_29395.sock"}}
[debug] [2021-10-30T00:56:43.235Z] [functions] Runtime ready! Sending request! {"metadata":{"emulator":{"name":"functions"},"message":"[functions] Runtime ready! Sending request!"}}
[debug] [2021-10-30T00:56:43.236Z] [functions] Got req.url=/job-seeker-3fe44/us-central1/users/, mapping to path=/ {"metadata":{"emulator":{"name":"functions"},"message":"[functions] Got req.url=/job-seeker-3fe44/us-central1/users/, mapping to path=/"}}
[debug] [2021-10-30T00:56:43.245Z] [runtime-status] [29395] Ephemeral server handling POST request {"metadata":{"emulator":{"name":"functions"},"function":{"name":"us-central1-users"},"message":"[runtime-status] [29395] Ephemeral server handling POST request"}}
[debug] [2021-10-30T00:56:43.253Z] [runtime-status] [29395] Ephemeral server survived. {"metadata":{"emulator":{"name":"functions"},"function":{"name":"us-central1-users"},"message":"[runtime-status] [29395] Ephemeral server survived."}}
[info] i  functions: Finished "us-central1-users" in ~5s {"metadata":{"emulator":{"name":"functions"},"function":{"name":"us-central1-users"},"message":"Finished \"us-central1-users\" in ~5s"}}
[debug] [2021-10-30T00:56:48.241Z] [worker-us-central1-users-db42dd20-6db3-441a-9eb9-2f5d28ba35ae]: IDLE {"metadata":{"emulator":{"name":"functions"},"message":"[worker-us-central1-users-db42dd20-6db3-441a-9eb9-2f5d28ba35ae]: IDLE"}}
[debug] [2021-10-30T00:56:48.242Z] [work-queue] {"queueLength":0,"workRunningCount":0}
[debug] [2021-10-30T01:21:15.236Z] [work-queue] {"queueLength":1,"workRunningCount":0}
[debug] [2021-10-30T01:21:15.238Z] [work-queue] {"queueLength":0,"workRunningCount":1}
[debug] [2021-10-30T01:21:15.239Z] Accepted request POST /job-seeker-3fe44/us-central1/users/ --> us-central1-users
[debug] [2021-10-30T01:21:15.244Z] [worker-pool] submitWork(triggerId=us-central1-users) {"metadata":{"emulator":{"name":"functions"},"message":"[worker-pool] submitWork(triggerId=us-central1-users)"}}
[debug] [2021-10-30T01:21:15.244Z] [worker-us-central1-users-db42dd20-6db3-441a-9eb9-2f5d28ba35ae]: Assigning socketPath: /var/folders/nk/l93_2bl16vn2v0jx04y7n6640000gn/T/fire_emu_29395.sock {"metadata":{"emulator":{"name":"functions"},"message":"[worker-us-central1-users-db42dd20-6db3-441a-9eb9-2f5d28ba35ae]: Assigning socketPath: /var/folders/nk/l93_2bl16vn2v0jx04y7n6640000gn/T/fire_emu_29395.sock"}}
[debug] [2021-10-30T01:21:15.244Z] [worker-us-central1-users-db42dd20-6db3-441a-9eb9-2f5d28ba35ae]: BUSY {"metadata":{"emulator":{"name":"functions"},"message":"[worker-us-central1-users-db42dd20-6db3-441a-9eb9-2f5d28ba35ae]: BUSY"}}
[debug] [2021-10-30T01:21:15.253Z] [runtime-status] [29395] Trigger "us-central1-users" has been found, beginning invocation! {"metadata":{"emulator":{"name":"functions"},"function":{"name":"us-central1-users"},"message":"[runtime-status] [29395] Trigger \"us-central1-users\" has been found, beginning invocation!"}}
[info] i  functions: Beginning execution of "us-central1-users" {"metadata":{"emulator":{"name":"functions"},"function":{"name":"us-central1-users"},"message":"Beginning execution of \"us-central1-users\""}}
[debug] [2021-10-30T01:21:15.256Z] [runtime-status] [29395] triggerDefinition {"httpsTrigger":{},"name":"users","entryPoint":"users","regions":["us-central1"],"region":"us-central1","id":"us-central1-users"} {"metadata":{"emulator":{"name":"functions"},"function":{"name":"us-central1-users"},"message":"[runtime-status] [29395] triggerDefinition {\"httpsTrigger\":{},\"name\":\"users\",\"entryPoint\":\"users\",\"regions\":[\"us-central1\"],\"region\":\"us-central1\",\"id\":\"us-central1-users\"}"}}
[debug] [2021-10-30T01:21:15.256Z] [runtime-status] [29395] Running us-central1-users in signature http {"metadata":{"emulator":{"name":"functions"},"function":{"name":"us-central1-users"},"message":"[runtime-status] [29395] Running us-central1-users in signature http"}}
[debug] [2021-10-30T01:21:15.257Z] [runtime-status] [29395] Attempting to listen to socketPath: /var/folders/nk/l93_2bl16vn2v0jx04y7n6640000gn/T/fire_emu_29395.sock {"metadata":{"emulator":{"name":"functions"},"function":{"name":"us-central1-users"},"message":"[runtime-status] [29395] Attempting to listen to socketPath: /var/folders/nk/l93_2bl16vn2v0jx04y7n6640000gn/T/fire_emu_29395.sock"}}
[debug] [2021-10-30T01:21:15.265Z] [functions] Runtime ready! Sending request! {"metadata":{"emulator":{"name":"functions"},"message":"[functions] Runtime ready! Sending request!"}}
[debug] [2021-10-30T01:21:15.266Z] [functions] Got req.url=/job-seeker-3fe44/us-central1/users/, mapping to path=/ {"metadata":{"emulator":{"name":"functions"},"message":"[functions] Got req.url=/job-seeker-3fe44/us-central1/users/, mapping to path=/"}}
[debug] [2021-10-30T01:21:15.285Z] [runtime-status] [29395] Ephemeral server handling POST request {"metadata":{"emulator":{"name":"functions"},"function":{"name":"us-central1-users"},"message":"[runtime-status] [29395] Ephemeral server handling POST request"}}
[debug] [2021-10-30T01:21:15.293Z] [runtime-status] [29395] Ephemeral server survived. {"metadata":{"emulator":{"name":"functions"},"function":{"name":"us-central1-users"},"message":"[runtime-status] [29395] Ephemeral server survived."}}
[info] i  functions: Finished "us-central1-users" in ~1s {"metadata":{"emulator":{"name":"functions"},"function":{"name":"us-central1-users"},"message":"Finished \"us-central1-users\" in ~1s"}}
[debug] [2021-10-30T01:21:16.602Z] [worker-us-central1-users-db42dd20-6db3-441a-9eb9-2f5d28ba35ae]: IDLE {"metadata":{"emulator":{"name":"functions"},"message":"[worker-us-central1-users-db42dd20-6db3-441a-9eb9-2f5d28ba35ae]: IDLE"}}
[debug] [2021-10-30T01:21:16.602Z] [work-queue] {"queueLength":0,"workRunningCount":0}
[debug] [2021-10-30T01:35:08.385Z] [work-queue] {"queueLength":1,"workRunningCount":0}
[debug] [2021-10-30T01:35:08.393Z] [work-queue] {"queueLength":0,"workRunningCount":1}
[debug] [2021-10-30T01:35:08.394Z] Accepted request POST /job-seeker-3fe44/us-central1/users/ --> us-central1-users
[debug] [2021-10-30T01:35:08.398Z] [worker-pool] submitWork(triggerId=us-central1-users) {"metadata":{"emulator":{"name":"functions"},"message":"[worker-pool] submitWork(triggerId=us-central1-users)"}}
[debug] [2021-10-30T01:35:08.399Z] [worker-us-central1-users-db42dd20-6db3-441a-9eb9-2f5d28ba35ae]: Assigning socketPath: /var/folders/nk/l93_2bl16vn2v0jx04y7n6640000gn/T/fire_emu_29395.sock {"metadata":{"emulator":{"name":"functions"},"message":"[worker-us-central1-users-db42dd20-6db3-441a-9eb9-2f5d28ba35ae]: Assigning socketPath: /var/folders/nk/l93_2bl16vn2v0jx04y7n6640000gn/T/fire_emu_29395.sock"}}
[debug] [2021-10-30T01:35:08.399Z] [worker-us-central1-users-db42dd20-6db3-441a-9eb9-2f5d28ba35ae]: BUSY {"metadata":{"emulator":{"name":"functions"},"message":"[worker-us-central1-users-db42dd20-6db3-441a-9eb9-2f5d28ba35ae]: BUSY"}}
[debug] [2021-10-30T01:35:08.405Z] [runtime-status] [29395] Trigger "us-central1-users" has been found, beginning invocation! {"metadata":{"emulator":{"name":"functions"},"function":{"name":"us-central1-users"},"message":"[runtime-status] [29395] Trigger \"us-central1-users\" has been found, beginning invocation!"}}
[info] i  functions: Beginning execution of "us-central1-users" {"metadata":{"emulator":{"name":"functions"},"function":{"name":"us-central1-users"},"message":"Beginning execution of \"us-central1-users\""}}
[debug] [2021-10-30T01:35:08.409Z] [runtime-status] [29395] triggerDefinition {"httpsTrigger":{},"name":"users","entryPoint":"users","regions":["us-central1"],"region":"us-central1","id":"us-central1-users"} {"metadata":{"emulator":{"name":"functions"},"function":{"name":"us-central1-users"},"message":"[runtime-status] [29395] triggerDefinition {\"httpsTrigger\":{},\"name\":\"users\",\"entryPoint\":\"users\",\"regions\":[\"us-central1\"],\"region\":\"us-central1\",\"id\":\"us-central1-users\"}"}}
[debug] [2021-10-30T01:35:08.409Z] [runtime-status] [29395] Running us-central1-users in signature http {"metadata":{"emulator":{"name":"functions"},"function":{"name":"us-central1-users"},"message":"[runtime-status] [29395] Running us-central1-users in signature http"}}
[debug] [2021-10-30T01:35:08.410Z] [runtime-status] [29395] Attempting to listen to socketPath: /var/folders/nk/l93_2bl16vn2v0jx04y7n6640000gn/T/fire_emu_29395.sock {"metadata":{"emulator":{"name":"functions"},"function":{"name":"us-central1-users"},"message":"[runtime-status] [29395] Attempting to listen to socketPath: /var/folders/nk/l93_2bl16vn2v0jx04y7n6640000gn/T/fire_emu_29395.sock"}}
[debug] [2021-10-30T01:35:08.418Z] [functions] Runtime ready! Sending request! {"metadata":{"emulator":{"name":"functions"},"message":"[functions] Runtime ready! Sending request!"}}
[debug] [2021-10-30T01:35:08.419Z] [functions] Got req.url=/job-seeker-3fe44/us-central1/users/, mapping to path=/ {"metadata":{"emulator":{"name":"functions"},"message":"[functions] Got req.url=/job-seeker-3fe44/us-central1/users/, mapping to path=/"}}
[debug] [2021-10-30T01:35:08.434Z] [runtime-status] [29395] Ephemeral server handling POST request {"metadata":{"emulator":{"name":"functions"},"function":{"name":"us-central1-users"},"message":"[runtime-status] [29395] Ephemeral server handling POST request"}}
[debug] [2021-10-30T01:35:08.446Z] [runtime-status] [29395] Ephemeral server survived. {"metadata":{"emulator":{"name":"functions"},"function":{"name":"us-central1-users"},"message":"[runtime-status] [29395] Ephemeral server survived."}}
[info] i  functions: Finished "us-central1-users" in ~1s {"metadata":{"emulator":{"name":"functions"},"function":{"name":"us-central1-users"},"message":"Finished \"us-central1-users\" in ~1s"}}
[debug] [2021-10-30T01:35:09.494Z] [worker-us-central1-users-db42dd20-6db3-441a-9eb9-2f5d28ba35ae]: IDLE {"metadata":{"emulator":{"name":"functions"},"message":"[worker-us-central1-users-db42dd20-6db3-441a-9eb9-2f5d28ba35ae]: IDLE"}}
[debug] [2021-10-30T01:35:09.494Z] [work-queue] {"queueLength":0,"workRunningCount":0}
